2026-07-15 17:41:53.239 [background-preinit] INFO  o.h.validator.internal.util.Version - HV000001: Hibernate Validator 8.0.1.Final
2026-07-15 17:41:53.292 [restartedMain] INFO  b.c.s.SolicitacaoApplication - Starting SolicitacaoApplication using Java 21.0.11 with PID 27048 (C:\Users\User\Desktop\solicitacao-api\solicitacao-api\target\classes started by User in C:\Users\User\Desktop\solicitacao-api\solicitacao-api)
2026-07-15 17:41:53.293 [restartedMain] DEBUG b.c.s.SolicitacaoApplication - Running with Spring Boot v3.2.0, Spring v6.1.1
2026-07-15 17:41:53.293 [restartedMain] INFO  b.c.s.SolicitacaoApplication - No active profile set, falling back to 1 default profile: "default"
2026-07-15 17:41:53.357 [restartedMain] INFO  o.s.b.d.e.DevToolsPropertyDefaultsPostProcessor - Devtools property defaults active! Set 'spring.devtools.add-properties' to 'false' to disable
2026-07-15 17:41:53.357 [restartedMain] INFO  o.s.b.d.e.DevToolsPropertyDefaultsPostProcessor - For additional web related logging consider setting the 'logging.level.web' property to 'DEBUG'
2026-07-15 17:41:54.273 [restartedMain] INFO  o.s.d.r.c.RepositoryConfigurationDelegate - Multiple Spring Data modules found, entering strict repository configuration mode
2026-07-15 17:41:54.273 [restartedMain] INFO  o.s.d.r.c.RepositoryConfigurationDelegate - Bootstrapping Spring Data JPA repositories in DEFAULT mode.
2026-07-15 17:41:54.321 [restartedMain] INFO  o.s.d.r.c.RepositoryConfigurationDelegate - Finished Spring Data repository scanning in 39 ms. Found 4 JPA repository interfaces.
2026-07-15 17:41:54.920 [restartedMain] INFO  o.s.cloud.context.scope.GenericScope - BeanFactory id=5f51f0eb-4560-3e55-b2c4-82a4e634ef35
2026-07-15 17:41:55.680 [restartedMain] INFO  o.s.b.w.e.tomcat.TomcatWebServer - Tomcat initialized with port 8080 (http)
2026-07-15 17:41:55.687 [restartedMain] INFO  o.a.coyote.http11.Http11NioProtocol - Initializing ProtocolHandler ["http-nio-8080"]
2026-07-15 17:41:55.689 [restartedMain] INFO  o.a.catalina.core.StandardService - Starting service [Tomcat]
2026-07-15 17:41:55.689 [restartedMain] INFO  o.a.catalina.core.StandardEngine - Starting Servlet engine: [Apache Tomcat/10.1.16]
2026-07-15 17:41:55.759 [restartedMain] INFO  o.a.c.c.C.[.[localhost].[/api] - Initializing Spring embedded WebApplicationContext
2026-07-15 17:41:55.760 [restartedMain] INFO  o.s.b.w.s.c.ServletWebServerApplicationContext - Root WebApplicationContext: initialization completed in 2402 ms
2026-07-15 17:41:55.909 [restartedMain] INFO  com.zaxxer.hikari.HikariDataSource - HikariPool-1 - Starting...
2026-07-15 17:41:56.098 [restartedMain] INFO  com.zaxxer.hikari.pool.HikariPool - HikariPool-1 - Added connection conn0: url=jdbc:h2:mem:solicitacao_db user=SA
2026-07-15 17:41:56.100 [restartedMain] INFO  com.zaxxer.hikari.HikariDataSource - HikariPool-1 - Start completed.
2026-07-15 17:41:56.109 [restartedMain] INFO  o.s.b.a.h.H2ConsoleAutoConfiguration - H2 console available at '/h2-console'. Database available at 'jdbc:h2:mem:solicitacao_db'
2026-07-15 17:41:56.309 [restartedMain] INFO  o.h.jpa.internal.util.LogHelper - HHH000204: Processing PersistenceUnitInfo [name: default]
2026-07-15 17:41:56.377 [restartedMain] INFO  org.hibernate.Version - HHH000412: Hibernate ORM core version 6.3.1.Final
2026-07-15 17:41:56.423 [restartedMain] INFO  o.h.c.i.RegionFactoryInitiator - HHH000026: Second-level cache disabled
2026-07-15 17:41:56.667 [restartedMain] INFO  o.s.o.j.p.SpringPersistenceUnitInfo - No LoadTimeWeaver setup: ignoring JPA class transformer
2026-07-15 17:41:56.718 [restartedMain] WARN  org.hibernate.orm.deprecation - HHH90000025: H2Dialect does not need to be specified explicitly using 'hibernate.dialect' (remove the property setting and it will be selected by default)
2026-07-15 17:41:57.534 [restartedMain] INFO  o.h.e.t.j.p.i.JtaPlatformInitiator - HHH000489: No JTA platform available (set 'hibernate.transaction.jta.platform' to enable JTA platform integration)
2026-07-15 17:41:57.552 [restartedMain] DEBUG org.hibernate.SQL - 
    drop table if exists analyst_coverage cascade 
2026-07-15 17:41:57.555 [restartedMain] DEBUG org.hibernate.SQL - 
    drop table if exists audit_logs cascade 
2026-07-15 17:41:57.555 [restartedMain] DEBUG org.hibernate.SQL - 
    drop table if exists solicitations cascade 
2026-07-15 17:41:57.555 [restartedMain] DEBUG org.hibernate.SQL - 
    drop table if exists users cascade 
2026-07-15 17:41:57.559 [restartedMain] DEBUG org.hibernate.SQL - 
    create table analyst_coverage (
        state varchar(2) not null,
        id uuid not null,
        user_id uuid not null,
        primary key (id)
    )
2026-07-15 17:41:57.564 [restartedMain] DEBUG org.hibernate.SQL - 
    create table audit_logs (
        success boolean not null,
        created_at timestamp(6),
        duration_ms bigint,
        id uuid not null,
        user_id uuid not null,
        user_role varchar(20) not null,
        action varchar(100) not null,
        entity_id varchar(100),
        error_message TEXT,
        primary key (id)
    )
2026-07-15 17:41:57.565 [restartedMain] DEBUG org.hibernate.SQL - 
    create table solicitations (
        current_step integer not null,
        estimated_value numeric(15,2),
        preferred_date date,
        state varchar(2),
        terms_accepted boolean,
        analyzed_at timestamp(6),
        cep varchar(8),
        created_at timestamp(6),
        submitted_at timestamp(6),
        updated_at timestamp(6),
        priority varchar(10) check (priority in ('LOW','MEDIUM','HIGH')),
        analyzed_by uuid,
        client_id uuid not null,
        id uuid not null,
        number varchar(20),
        service_type varchar(20) check (service_type in ('INSTALLATION','MAINTENANCE','INSPECTION')),
        status varchar(20) not null check (status in ('DRAFT','SUBMITTED','IN_REVIEW','APPROVED','REJECTED')),
        title varchar(80),
        city varchar(100),
        complement varchar(100),
        neighborhood varchar(100),
        analysis_comment varchar(1000),
        description varchar(1000),
        street varchar(255),
        primary key (id)
    )
2026-07-15 17:41:57.571 [restartedMain] DEBUG org.hibernate.SQL - 
    create table users (
        enabled boolean not null,
        created_at timestamp(6),
        id uuid not null,
        role varchar(20) not null check (role in ('CLIENT','ANALYST','ADMIN')),
        email varchar(100) not null unique,
        name varchar(100) not null,
        password_hash varchar(255) not null,
        primary key (id)
    )
2026-07-15 17:41:57.576 [restartedMain] INFO  o.s.o.j.LocalContainerEntityManagerFactoryBean - Initialized JPA EntityManagerFactory for persistence unit 'default'
2026-07-15 17:41:57.988 [restartedMain] DEBUG b.c.s.i.c.JwtAuthenticationFilter - Filter 'jwtAuthenticationFilter' configured for use
2026-07-15 17:41:58.636 [restartedMain] INFO  o.s.b.a.e.web.EndpointLinksResolver - Exposing 15 endpoint(s) beneath base path '/actuator'
2026-07-15 17:41:58.715 [restartedMain] WARN  o.s.b.a.o.j.JpaBaseConfiguration$JpaWebConfiguration - spring.jpa.open-in-view is enabled by default. Therefore, database queries may be performed during view rendering. Explicitly configure spring.jpa.open-in-view to disable this warning
2026-07-15 17:41:58.803 [restartedMain] INFO  o.s.b.d.a.OptionalLiveReloadServer - LiveReload server is running on port 35729
2026-07-15 17:41:59.272 [restartedMain] INFO  o.s.s.web.DefaultSecurityFilterChain - Will secure any request with [org.springframework.security.web.session.DisableEncodeUrlFilter@781e0afa, org.springframework.security.web.context.request.async.WebAsyncManagerIntegrationFilter@5479400f, org.springframework.security.web.context.SecurityContextHolderFilter@44c8986c, org.springframework.security.web.header.HeaderWriterFilter@34c5530c, org.springframework.web.filter.CorsFilter@6483c22f, org.springframework.security.web.authentication.logout.LogoutFilter@3a6f3638, br.com.solicitacao.infrastructure.config.JwtAuthenticationFilter@45d7ffb2, org.springframework.security.web.savedrequest.RequestCacheAwareFilter@b0e3420, org.springframework.security.web.servletapi.SecurityContextHolderAwareRequestFilter@668de296, org.springframework.security.web.authentication.AnonymousAuthenticationFilter@2b07ff64, org.springframework.security.web.session.SessionManagementFilter@28f1403c, org.springframework.security.web.access.ExceptionTranslationFilter@da1561a, org.springframework.security.web.access.intercept.AuthorizationFilter@468aa71d]
2026-07-15 17:42:00.595 [restartedMain] INFO  o.a.coyote.http11.Http11NioProtocol - Starting ProtocolHandler ["http-nio-8080"]
2026-07-15 17:42:00.605 [restartedMain] INFO  o.s.b.w.e.tomcat.TomcatWebServer - Tomcat started on port 8080 (http) with context path '/api'
2026-07-15 17:42:00.624 [restartedMain] INFO  b.c.s.SolicitacaoApplication - Started SolicitacaoApplication in 7.982 seconds (process running for 8.998)
2026-07-15 17:42:00.628 [restartedMain] INFO  b.c.s.i.config.DataInitializer - === INICIALIZANDO DADOS ===
2026-07-15 17:42:00.759 [restartedMain] DEBUG org.hibernate.SQL - 
    select
        ue1_0.id,
        ue1_0.created_at,
        ue1_0.email,
        ue1_0.enabled,
        ue1_0.name,
        ue1_0.password_hash,
        ue1_0.role 
    from
        users ue1_0 
    where
        ue1_0.email=?
2026-07-15 17:42:00.929 [restartedMain] DEBUG org.hibernate.SQL - 
    insert 
    into
        users
        (created_at, email, enabled, name, password_hash, role, id) 
    values
        (?, ?, ?, ?, ?, ?, ?)
2026-07-15 17:42:00.939 [restartedMain] INFO  b.c.s.i.config.DataInitializer - ✅ Admin criado com sucesso!
2026-07-15 17:42:00.939 [restartedMain] INFO  b.c.s.i.config.DataInitializer -    Email: admin@email.com
2026-07-15 17:42:00.939 [restartedMain] INFO  b.c.s.i.config.DataInitializer -    Senha: admin123
2026-07-15 17:42:00.939 [restartedMain] INFO  b.c.s.i.config.DataInitializer -    Role: ADMIN
2026-07-15 17:42:00.939 [restartedMain] INFO  b.c.s.i.config.DataInitializer - === DADOS INICIALIZADOS COM SUCESSO ===
2026-07-15 17:42:01.387 [RMI TCP Connection(3)-172.27.48.1] INFO  o.a.c.c.C.[.[localhost].[/api] - Initializing Spring DispatcherServlet 'dispatcherServlet'
2026-07-15 17:42:01.387 [RMI TCP Connection(3)-172.27.48.1] INFO  o.s.web.servlet.DispatcherServlet - Initializing Servlet 'dispatcherServlet'
2026-07-15 17:42:01.389 [RMI TCP Connection(3)-172.27.48.1] INFO  o.s.web.servlet.DispatcherServlet - Completed initialization in 2 ms
2026-07-15 17:42:14.097 [http-nio-8080-exec-1] DEBUG o.s.security.web.FilterChainProxy - Securing OPTIONS /auth/login
2026-07-15 17:42:14.106 [http-nio-8080-exec-1] WARN  o.s.w.s.h.HandlerMappingIntrospector - Cache miss for REQUEST dispatch to '/api/auth/login' (previous null). Performing CorsConfiguration lookup. This is logged once only at WARN level, and every time at TRACE.
2026-07-15 17:42:38.710 [SpringApplicationShutdownHook] INFO  o.s.o.j.LocalContainerEntityManagerFactoryBean - Closing JPA EntityManagerFactory for persistence unit 'default'
2026-07-15 17:42:38.711 [SpringApplicationShutdownHook] DEBUG org.hibernate.SQL - 
    drop table if exists analyst_coverage cascade 
2026-07-15 17:42:38.712 [SpringApplicationShutdownHook] DEBUG org.hibernate.SQL - 
    drop table if exists audit_logs cascade 
2026-07-15 17:42:38.713 [SpringApplicationShutdownHook] DEBUG org.hibernate.SQL - 
    drop table if exists solicitations cascade 
2026-07-15 17:42:38.713 [SpringApplicationShutdownHook] DEBUG org.hibernate.SQL - 
    drop table if exists users cascade 
2026-07-15 17:42:38.718 [SpringApplicationShutdownHook] WARN  o.s.b.f.s.DisposableBeanAdapter - Invocation of destroy method failed on bean with name 'inMemoryDatabaseShutdownExecutor': org.h2.jdbc.JdbcSQLNonTransientConnectionException: Database is already closed (to disable automatic closing at VM shutdown, add ";DB_CLOSE_ON_EXIT=FALSE" to the db URL) [90121-224]
2026-07-15 17:42:38.720 [SpringApplicationShutdownHook] INFO  com.zaxxer.hikari.HikariDataSource - HikariPool-1 - Shutdown initiated...
2026-07-15 17:42:38.730 [SpringApplicationShutdownHook] INFO  com.zaxxer.hikari.HikariDataSource - HikariPool-1 - Shutdown completed.
2026-07-15 17:42:42.054 [background-preinit] INFO  o.h.validator.internal.util.Version - HV000001: Hibernate Validator 8.0.1.Final
2026-07-15 17:42:42.101 [restartedMain] INFO  b.c.s.SolicitacaoApplication - Starting SolicitacaoApplication using Java 21.0.11 with PID 7288 (C:\Users\User\Desktop\solicitacao-api\solicitacao-api\target\classes started by User in C:\Users\User\Desktop\solicitacao-api\solicitacao-api)
2026-07-15 17:42:42.102 [restartedMain] DEBUG b.c.s.SolicitacaoApplication - Running with Spring Boot v3.2.0, Spring v6.1.1
2026-07-15 17:42:42.103 [restartedMain] INFO  b.c.s.SolicitacaoApplication - No active profile set, falling back to 1 default profile: "default"
2026-07-15 17:42:42.172 [restartedMain] INFO  o.s.b.d.e.DevToolsPropertyDefaultsPostProcessor - Devtools property defaults active! Set 'spring.devtools.add-properties' to 'false' to disable
2026-07-15 17:42:42.172 [restartedMain] INFO  o.s.b.d.e.DevToolsPropertyDefaultsPostProcessor - For additional web related logging consider setting the 'logging.level.web' property to 'DEBUG'
2026-07-15 17:42:43.049 [restartedMain] INFO  o.s.d.r.c.RepositoryConfigurationDelegate - Multiple Spring Data modules found, entering strict repository configuration mode
2026-07-15 17:42:43.050 [restartedMain] INFO  o.s.d.r.c.RepositoryConfigurationDelegate - Bootstrapping Spring Data JPA repositories in DEFAULT mode.
2026-07-15 17:42:43.100 [restartedMain] INFO  o.s.d.r.c.RepositoryConfigurationDelegate - Finished Spring Data repository scanning in 43 ms. Found 4 JPA repository interfaces.
2026-07-15 17:42:43.756 [restartedMain] INFO  o.s.cloud.context.scope.GenericScope - BeanFactory id=5f51f0eb-4560-3e55-b2c4-82a4e634ef35
2026-07-15 17:42:44.536 [restartedMain] INFO  o.s.b.w.e.tomcat.TomcatWebServer - Tomcat initialized with port 8080 (http)
2026-07-15 17:42:44.543 [restartedMain] INFO  o.a.coyote.http11.Http11NioProtocol - Initializing ProtocolHandler ["http-nio-8080"]
2026-07-15 17:42:44.545 [restartedMain] INFO  o.a.catalina.core.StandardService - Starting service [Tomcat]
2026-07-15 17:42:44.545 [restartedMain] INFO  o.a.catalina.core.StandardEngine - Starting Servlet engine: [Apache Tomcat/10.1.16]
2026-07-15 17:42:44.614 [restartedMain] INFO  o.a.c.c.C.[.[localhost].[/api] - Initializing Spring embedded WebApplicationContext
2026-07-15 17:42:44.614 [restartedMain] INFO  o.s.b.w.s.c.ServletWebServerApplicationContext - Root WebApplicationContext: initialization completed in 2441 ms
2026-07-15 17:42:44.761 [restartedMain] INFO  com.zaxxer.hikari.HikariDataSource - HikariPool-1 - Starting...
2026-07-15 17:42:44.938 [restartedMain] INFO  com.zaxxer.hikari.pool.HikariPool - HikariPool-1 - Added connection conn0: url=jdbc:h2:mem:solicitacao_db user=SA
2026-07-15 17:42:44.939 [restartedMain] INFO  com.zaxxer.hikari.HikariDataSource - HikariPool-1 - Start completed.
2026-07-15 17:42:44.948 [restartedMain] INFO  o.s.b.a.h.H2ConsoleAutoConfiguration - H2 console available at '/h2-console'. Database available at 'jdbc:h2:mem:solicitacao_db'
2026-07-15 17:42:45.161 [restartedMain] INFO  o.h.jpa.internal.util.LogHelper - HHH000204: Processing PersistenceUnitInfo [name: default]
2026-07-15 17:42:45.221 [restartedMain] INFO  org.hibernate.Version - HHH000412: Hibernate ORM core version 6.3.1.Final
2026-07-15 17:42:45.260 [restartedMain] INFO  o.h.c.i.RegionFactoryInitiator - HHH000026: Second-level cache disabled
2026-07-15 17:42:45.575 [restartedMain] INFO  o.s.o.j.p.SpringPersistenceUnitInfo - No LoadTimeWeaver setup: ignoring JPA class transformer
2026-07-15 17:42:45.660 [restartedMain] WARN  org.hibernate.orm.deprecation - HHH90000025: H2Dialect does not need to be specified explicitly using 'hibernate.dialect' (remove the property setting and it will be selected by default)
2026-07-15 17:42:47.373 [restartedMain] INFO  o.h.e.t.j.p.i.JtaPlatformInitiator - HHH000489: No JTA platform available (set 'hibernate.transaction.jta.platform' to enable JTA platform integration)
2026-07-15 17:42:47.408 [restartedMain] DEBUG org.hibernate.SQL - 
    drop table if exists analyst_coverage cascade 
2026-07-15 17:42:47.414 [restartedMain] DEBUG org.hibernate.SQL - 
    drop table if exists audit_logs cascade 
2026-07-15 17:42:47.415 [restartedMain] DEBUG org.hibernate.SQL - 
    drop table if exists solicitations cascade 
2026-07-15 17:42:47.415 [restartedMain] DEBUG org.hibernate.SQL - 
    drop table if exists users cascade 
2026-07-15 17:42:47.422 [restartedMain] DEBUG org.hibernate.SQL - 
    create table analyst_coverage (
        state varchar(2) not null,
        id uuid not null,
        user_id uuid not null,
        primary key (id)
    )
2026-07-15 17:42:47.434 [restartedMain] DEBUG org.hibernate.SQL - 
    create table audit_logs (
        success boolean not null,
        created_at timestamp(6),
        duration_ms bigint,
        id uuid not null,
        user_id uuid not null,
        user_role varchar(20) not null,
        action varchar(100) not null,
        entity_id varchar(100),
        error_message TEXT,
        primary key (id)
    )
2026-07-15 17:42:47.437 [restartedMain] DEBUG org.hibernate.SQL - 
    create table solicitations (
        current_step integer not null,
        estimated_value numeric(15,2),
        preferred_date date,
        state varchar(2),
        terms_accepted boolean,
        analyzed_at timestamp(6),
        cep varchar(8),
        created_at timestamp(6),
        submitted_at timestamp(6),
        updated_at timestamp(6),
        priority varchar(10) check (priority in ('LOW','MEDIUM','HIGH')),
        analyzed_by uuid,
        client_id uuid not null,
        id uuid not null,
        number varchar(20),
        service_type varchar(20) check (service_type in ('INSTALLATION','MAINTENANCE','INSPECTION')),
        status varchar(20) not null check (status in ('DRAFT','SUBMITTED','IN_REVIEW','APPROVED','REJECTED')),
        title varchar(80),
        city varchar(100),
        complement varchar(100),
        neighborhood varchar(100),
        analysis_comment varchar(1000),
        description varchar(1000),
        street varchar(255),
        primary key (id)
    )
2026-07-15 17:42:47.448 [restartedMain] DEBUG org.hibernate.SQL - 
    create table users (
        enabled boolean not null,
        created_at timestamp(6),
        id uuid not null,
        role varchar(20) not null check (role in ('CLIENT','ANALYST','ADMIN')),
        email varchar(100) not null unique,
        name varchar(100) not null,
        password_hash varchar(255) not null,
        primary key (id)
    )
2026-07-15 17:42:47.460 [restartedMain] INFO  o.s.o.j.LocalContainerEntityManagerFactoryBean - Initialized JPA EntityManagerFactory for persistence unit 'default'
2026-07-15 17:42:48.607 [restartedMain] DEBUG b.c.s.i.c.JwtAuthenticationFilter - Filter 'jwtAuthenticationFilter' configured for use
2026-07-15 17:42:49.632 [restartedMain] INFO  o.s.b.a.e.web.EndpointLinksResolver - Exposing 15 endpoint(s) beneath base path '/actuator'
2026-07-15 17:42:49.721 [restartedMain] WARN  o.s.b.a.o.j.JpaBaseConfiguration$JpaWebConfiguration - spring.jpa.open-in-view is enabled by default. Therefore, database queries may be performed during view rendering. Explicitly configure spring.jpa.open-in-view to disable this warning
2026-07-15 17:42:49.833 [restartedMain] INFO  o.s.b.d.a.OptionalLiveReloadServer - LiveReload server is running on port 35729
2026-07-15 17:42:50.445 [restartedMain] INFO  o.s.s.web.DefaultSecurityFilterChain - Will secure any request with [org.springframework.security.web.session.DisableEncodeUrlFilter@60128eb9, org.springframework.security.web.context.request.async.WebAsyncManagerIntegrationFilter@24d8afcf, org.springframework.security.web.context.SecurityContextHolderFilter@bc9074a, org.springframework.security.web.header.HeaderWriterFilter@352191f5, org.springframework.web.filter.CorsFilter@6bbe0f4a, org.springframework.security.web.authentication.logout.LogoutFilter@75382b2b, br.com.solicitacao.infrastructure.config.JwtAuthenticationFilter@76159055, org.springframework.security.web.savedrequest.RequestCacheAwareFilter@17f4e57e, org.springframework.security.web.servletapi.SecurityContextHolderAwareRequestFilter@1ae1398e, org.springframework.security.web.authentication.AnonymousAuthenticationFilter@7300d56f, org.springframework.security.web.session.SessionManagementFilter@384fb07b, org.springframework.security.web.access.ExceptionTranslationFilter@33c3c6d1, org.springframework.security.web.access.intercept.AuthorizationFilter@12d2b08e]
2026-07-15 17:42:52.206 [restartedMain] INFO  o.a.coyote.http11.Http11NioProtocol - Starting ProtocolHandler ["http-nio-8080"]
2026-07-15 17:42:52.221 [restartedMain] INFO  o.s.b.w.e.tomcat.TomcatWebServer - Tomcat started on port 8080 (http) with context path '/api'
2026-07-15 17:42:52.247 [restartedMain] INFO  b.c.s.SolicitacaoApplication - Started SolicitacaoApplication in 10.766 seconds (process running for 12.35)
2026-07-15 17:42:52.258 [restartedMain] INFO  b.c.s.i.config.DataInitializer - === INICIALIZANDO DADOS ===
2026-07-15 17:42:52.438 [restartedMain] DEBUG org.hibernate.SQL - 
    select
        ue1_0.id,
        ue1_0.created_at,
        ue1_0.email,
        ue1_0.enabled,
        ue1_0.name,
        ue1_0.password_hash,
        ue1_0.role 
    from
        users ue1_0 
    where
        ue1_0.email=?
2026-07-15 17:42:52.661 [restartedMain] DEBUG org.hibernate.SQL - 
    insert 
    into
        users
        (created_at, email, enabled, name, password_hash, role, id) 
    values
        (?, ?, ?, ?, ?, ?, ?)
2026-07-15 17:42:52.680 [restartedMain] INFO  b.c.s.i.config.DataInitializer - ✅ Admin criado com sucesso!
2026-07-15 17:42:52.680 [restartedMain] INFO  b.c.s.i.config.DataInitializer -    Email: admin@email.com
2026-07-15 17:42:52.680 [restartedMain] INFO  b.c.s.i.config.DataInitializer -    Senha: admin123
2026-07-15 17:42:52.680 [restartedMain] INFO  b.c.s.i.config.DataInitializer -    Role: ADMIN
2026-07-15 17:42:52.680 [restartedMain] INFO  b.c.s.i.config.DataInitializer - === DADOS INICIALIZADOS COM SUCESSO ===
2026-07-15 17:42:53.057 [RMI TCP Connection(15)-172.27.48.1] INFO  o.a.c.c.C.[.[localhost].[/api] - Initializing Spring DispatcherServlet 'dispatcherServlet'
2026-07-15 17:42:53.058 [RMI TCP Connection(15)-172.27.48.1] INFO  o.s.web.servlet.DispatcherServlet - Initializing Servlet 'dispatcherServlet'
2026-07-15 17:42:53.061 [RMI TCP Connection(15)-172.27.48.1] INFO  o.s.web.servlet.DispatcherServlet - Completed initialization in 2 ms
2026-07-15 17:43:10.569 [http-nio-8080-exec-1] DEBUG o.s.security.web.FilterChainProxy - Securing OPTIONS /auth/login
2026-07-15 17:43:10.578 [http-nio-8080-exec-1] WARN  o.s.w.s.h.HandlerMappingIntrospector - Cache miss for REQUEST dispatch to '/api/auth/login' (previous null). Performing CorsConfiguration lookup. This is logged once only at WARN level, and every time at TRACE.
2026-07-15 17:43:11.756 [http-nio-8080-exec-2] DEBUG o.s.security.web.FilterChainProxy - Securing OPTIONS /auth/login
2026-07-15 17:43:14.492 [http-nio-8080-exec-3] DEBUG o.s.security.web.FilterChainProxy - Securing OPTIONS /auth/login
2026-07-15 17:45:35.297 [http-nio-8080-exec-7] DEBUG o.s.security.web.FilterChainProxy - Securing GET /auth/login
2026-07-15 17:45:35.311 [http-nio-8080-exec-7] DEBUG o.s.s.w.a.AnonymousAuthenticationFilter - Set SecurityContextHolder to anonymous SecurityContext
2026-07-15 17:45:35.315 [http-nio-8080-exec-7] WARN  o.s.w.s.h.HandlerMappingIntrospector - Cache miss for REQUEST dispatch to '/api/auth/login' (previous null). Performing MatchableHandlerMapping lookup. This is logged once only at WARN level, and every time at TRACE.
2026-07-15 17:45:35.318 [http-nio-8080-exec-7] DEBUG o.s.security.web.FilterChainProxy - Secured GET /auth/login
2026-07-15 17:45:35.351 [http-nio-8080-exec-7] WARN  o.s.w.s.m.m.a.ExceptionHandlerExceptionResolver - Resolved [org.springframework.web.HttpRequestMethodNotSupportedException: Request method 'GET' is not supported]
2026-07-15 17:46:09.083 [http-nio-8080-exec-10] DEBUG o.s.security.web.FilterChainProxy - Securing POST /auth/login
2026-07-15 17:46:09.084 [http-nio-8080-exec-10] DEBUG o.s.s.w.a.AnonymousAuthenticationFilter - Set SecurityContextHolder to anonymous SecurityContext
2026-07-15 17:46:09.086 [http-nio-8080-exec-10] DEBUG o.s.security.web.FilterChainProxy - Secured POST /auth/login
2026-07-15 17:47:23.436 [HikariPool-1 housekeeper] WARN  com.zaxxer.hikari.pool.HikariPool - HikariPool-1 - Thread starvation or clock leap detected (housekeeper delta=1m38s335ms102µs400ns).
2026-07-15 17:47:23.440 [http-nio-8080-exec-10] INFO  b.c.s.core.service.AuthService - Tentando login: email=admin@email.com
2026-07-15 17:47:23.513 [http-nio-8080-exec-10] DEBUG org.hibernate.SQL - 
    select
        ue1_0.id,
        ue1_0.created_at,
        ue1_0.email,
        ue1_0.enabled,
        ue1_0.name,
        ue1_0.password_hash,
        ue1_0.role 
    from
        users ue1_0 
    where
        ue1_0.email=?
2026-07-15 17:47:23.589 [http-nio-8080-exec-10] DEBUG o.s.s.a.d.DaoAuthenticationProvider - Authenticated user
2026-07-15 17:47:23.592 [http-nio-8080-exec-10] DEBUG org.hibernate.SQL - 
    select
        ue1_0.id,
        ue1_0.created_at,
        ue1_0.email,
        ue1_0.enabled,
        ue1_0.name,
        ue1_0.password_hash,
        ue1_0.role 
    from
        users ue1_0 
    where
        ue1_0.email=?
2026-07-15 17:47:23.693 [http-nio-8080-exec-10] INFO  b.c.s.core.service.AuthService - Login realizado com sucesso: email=admin@email.com
2026-07-15 17:50:27.985 [HikariPool-1 housekeeper] WARN  com.zaxxer.hikari.pool.HikariPool - HikariPool-1 - Thread starvation or clock leap detected (housekeeper delta=3m4s548ms473µs300ns).
2026-07-15 17:50:27.986 [http-nio-8080-exec-2] DEBUG o.s.security.web.FilterChainProxy - Securing OPTIONS /auth/login
2026-07-15 17:50:27.986 [http-nio-8080-exec-3] DEBUG o.s.security.web.FilterChainProxy - Securing OPTIONS /auth/login
2026-07-15 17:54:40.780 [SpringApplicationShutdownHook] INFO  o.s.o.j.LocalContainerEntityManagerFactoryBean - Closing JPA EntityManagerFactory for persistence unit 'default'
2026-07-15 17:54:40.780 [SpringApplicationShutdownHook] DEBUG org.hibernate.SQL - 
    drop table if exists analyst_coverage cascade 
2026-07-15 17:54:40.782 [SpringApplicationShutdownHook] DEBUG org.hibernate.SQL - 
    drop table if exists audit_logs cascade 
2026-07-15 17:54:40.782 [SpringApplicationShutdownHook] DEBUG org.hibernate.SQL - 
    drop table if exists solicitations cascade 
2026-07-15 17:54:40.782 [SpringApplicationShutdownHook] DEBUG org.hibernate.SQL - 
    drop table if exists users cascade 
2026-07-15 17:54:40.785 [SpringApplicationShutdownHook] WARN  o.s.b.f.s.DisposableBeanAdapter - Invocation of destroy method failed on bean with name 'inMemoryDatabaseShutdownExecutor': org.h2.jdbc.JdbcSQLNonTransientConnectionException: Database is already closed (to disable automatic closing at VM shutdown, add ";DB_CLOSE_ON_EXIT=FALSE" to the db URL) [90121-224]
2026-07-15 17:54:40.786 [SpringApplicationShutdownHook] INFO  com.zaxxer.hikari.HikariDataSource - HikariPool-1 - Shutdown initiated...
2026-07-15 17:54:40.787 [SpringApplicationShutdownHook] INFO  com.zaxxer.hikari.HikariDataSource - HikariPool-1 - Shutdown completed.
2026-07-15 17:54:45.702 [background-preinit] INFO  o.h.validator.internal.util.Version - HV000001: Hibernate Validator 8.0.1.Final
2026-07-15 17:54:45.744 [restartedMain] INFO  b.c.s.SolicitacaoApplication - Starting SolicitacaoApplication using Java 21.0.11 with PID 13280 (C:\Users\User\Desktop\solicitacao-api\solicitacao-api\target\classes started by User in C:\Users\User\Desktop\solicitacao-api\solicitacao-api)
2026-07-15 17:54:45.745 [restartedMain] DEBUG b.c.s.SolicitacaoApplication - Running with Spring Boot v3.2.0, Spring v6.1.1
2026-07-15 17:54:45.745 [restartedMain] INFO  b.c.s.SolicitacaoApplication - No active profile set, falling back to 1 default profile: "default"
2026-07-15 17:54:45.805 [restartedMain] INFO  o.s.b.d.e.DevToolsPropertyDefaultsPostProcessor - Devtools property defaults active! Set 'spring.devtools.add-properties' to 'false' to disable
2026-07-15 17:54:45.806 [restartedMain] INFO  o.s.b.d.e.DevToolsPropertyDefaultsPostProcessor - For additional web related logging consider setting the 'logging.level.web' property to 'DEBUG'
2026-07-15 17:54:46.600 [restartedMain] INFO  o.s.d.r.c.RepositoryConfigurationDelegate - Multiple Spring Data modules found, entering strict repository configuration mode
2026-07-15 17:54:46.600 [restartedMain] INFO  o.s.d.r.c.RepositoryConfigurationDelegate - Bootstrapping Spring Data JPA repositories in DEFAULT mode.
2026-07-15 17:54:46.647 [restartedMain] INFO  o.s.d.r.c.RepositoryConfigurationDelegate - Finished Spring Data repository scanning in 40 ms. Found 4 JPA repository interfaces.
2026-07-15 17:54:47.272 [restartedMain] INFO  o.s.cloud.context.scope.GenericScope - BeanFactory id=49250593-4f04-3a4d-86e6-e042a14d36a2
2026-07-15 17:54:48.009 [restartedMain] INFO  o.s.b.w.e.tomcat.TomcatWebServer - Tomcat initialized with port 8080 (http)
2026-07-15 17:54:48.015 [restartedMain] INFO  o.a.coyote.http11.Http11NioProtocol - Initializing ProtocolHandler ["http-nio-8080"]
2026-07-15 17:54:48.016 [restartedMain] INFO  o.a.catalina.core.StandardService - Starting service [Tomcat]
2026-07-15 17:54:48.017 [restartedMain] INFO  o.a.catalina.core.StandardEngine - Starting Servlet engine: [Apache Tomcat/10.1.16]
2026-07-15 17:54:48.085 [restartedMain] INFO  o.a.c.c.C.[.[localhost].[/api] - Initializing Spring embedded WebApplicationContext
2026-07-15 17:54:48.085 [restartedMain] INFO  o.s.b.w.s.c.ServletWebServerApplicationContext - Root WebApplicationContext: initialization completed in 2279 ms
2026-07-15 17:54:48.238 [restartedMain] INFO  com.zaxxer.hikari.HikariDataSource - HikariPool-1 - Starting...
2026-07-15 17:54:48.409 [restartedMain] INFO  com.zaxxer.hikari.pool.HikariPool - HikariPool-1 - Added connection conn0: url=jdbc:h2:mem:solicitacao_db user=SA
2026-07-15 17:54:48.411 [restartedMain] INFO  com.zaxxer.hikari.HikariDataSource - HikariPool-1 - Start completed.
2026-07-15 17:54:48.419 [restartedMain] INFO  o.s.b.a.h.H2ConsoleAutoConfiguration - H2 console available at '/h2-console'. Database available at 'jdbc:h2:mem:solicitacao_db'
2026-07-15 17:54:48.616 [restartedMain] INFO  o.h.jpa.internal.util.LogHelper - HHH000204: Processing PersistenceUnitInfo [name: default]
2026-07-15 17:54:48.669 [restartedMain] INFO  org.hibernate.Version - HHH000412: Hibernate ORM core version 6.3.1.Final
2026-07-15 17:54:48.702 [restartedMain] INFO  o.h.c.i.RegionFactoryInitiator - HHH000026: Second-level cache disabled
2026-07-15 17:54:48.922 [restartedMain] INFO  o.s.o.j.p.SpringPersistenceUnitInfo - No LoadTimeWeaver setup: ignoring JPA class transformer
2026-07-15 17:54:48.965 [restartedMain] WARN  org.hibernate.orm.deprecation - HHH90000025: H2Dialect does not need to be specified explicitly using 'hibernate.dialect' (remove the property setting and it will be selected by default)
2026-07-15 17:54:49.749 [restartedMain] INFO  o.h.e.t.j.p.i.JtaPlatformInitiator - HHH000489: No JTA platform available (set 'hibernate.transaction.jta.platform' to enable JTA platform integration)
2026-07-15 17:54:49.764 [restartedMain] DEBUG org.hibernate.SQL - 
    drop table if exists analyst_coverage cascade 
2026-07-15 17:54:49.768 [restartedMain] DEBUG org.hibernate.SQL - 
    drop table if exists audit_logs cascade 
2026-07-15 17:54:49.768 [restartedMain] DEBUG org.hibernate.SQL - 
    drop table if exists solicitations cascade 
2026-07-15 17:54:49.768 [restartedMain] DEBUG org.hibernate.SQL - 
    drop table if exists users cascade 
2026-07-15 17:54:49.772 [restartedMain] DEBUG org.hibernate.SQL - 
    create table analyst_coverage (
        state varchar(2) not null,
        id uuid not null,
        user_id uuid not null,
        primary key (id)
    )
2026-07-15 17:54:49.777 [restartedMain] DEBUG org.hibernate.SQL - 
    create table audit_logs (
        success boolean not null,
        created_at timestamp(6),
        duration_ms bigint,
        id uuid not null,
        user_id uuid not null,
        user_role varchar(20) not null,
        action varchar(100) not null,
        entity_id varchar(100),
        error_message TEXT,
        primary key (id)
    )
2026-07-15 17:54:49.778 [restartedMain] DEBUG org.hibernate.SQL - 
    create table solicitations (
        current_step integer not null,
        estimated_value numeric(15,2),
        preferred_date date,
        state varchar(2),
        terms_accepted boolean,
        analyzed_at timestamp(6),
        cep varchar(8),
        created_at timestamp(6),
        submitted_at timestamp(6),
        updated_at timestamp(6),
        priority varchar(10) check (priority in ('LOW','MEDIUM','HIGH')),
        analyzed_by uuid,
        client_id uuid not null,
        id uuid not null,
        number varchar(20),
        service_type varchar(20) check (service_type in ('INSTALLATION','MAINTENANCE','INSPECTION')),
        status varchar(20) not null check (status in ('DRAFT','SUBMITTED','IN_REVIEW','APPROVED','REJECTED')),
        title varchar(80),
        city varchar(100),
        complement varchar(100),
        neighborhood varchar(100),
        analysis_comment varchar(1000),
        description varchar(1000),
        street varchar(255),
        primary key (id)
    )
2026-07-15 17:54:49.784 [restartedMain] DEBUG org.hibernate.SQL - 
    create table users (
        enabled boolean not null,
        created_at timestamp(6),
        id uuid not null,
        role varchar(20) not null check (role in ('CLIENT','ANALYST','ADMIN')),
        email varchar(100) not null unique,
        name varchar(100) not null,
        password_hash varchar(255) not null,
        primary key (id)
    )
2026-07-15 17:54:49.788 [restartedMain] INFO  o.s.o.j.LocalContainerEntityManagerFactoryBean - Initialized JPA EntityManagerFactory for persistence unit 'default'
2026-07-15 17:54:50.197 [restartedMain] DEBUG b.c.s.i.c.JwtAuthenticationFilter - Filter 'jwtAuthenticationFilter' configured for use
2026-07-15 17:54:50.822 [restartedMain] INFO  o.s.b.a.e.web.EndpointLinksResolver - Exposing 15 endpoint(s) beneath base path '/actuator'
2026-07-15 17:54:50.894 [restartedMain] WARN  o.s.b.a.o.j.JpaBaseConfiguration$JpaWebConfiguration - spring.jpa.open-in-view is enabled by default. Therefore, database queries may be performed during view rendering. Explicitly configure spring.jpa.open-in-view to disable this warning
2026-07-15 17:54:50.977 [restartedMain] INFO  o.s.b.d.a.OptionalLiveReloadServer - LiveReload server is running on port 35729
2026-07-15 17:54:51.447 [restartedMain] INFO  o.s.s.web.DefaultSecurityFilterChain - Will secure any request with [org.springframework.security.web.session.DisableEncodeUrlFilter@24ff0ab9, org.springframework.security.web.context.request.async.WebAsyncManagerIntegrationFilter@69480b76, org.springframework.security.web.context.SecurityContextHolderFilter@3848e2f8, org.springframework.security.web.header.HeaderWriterFilter@3457892a, org.springframework.security.web.authentication.logout.LogoutFilter@62df7d45, br.com.solicitacao.infrastructure.config.JwtAuthenticationFilter@d450ddc, org.springframework.security.web.savedrequest.RequestCacheAwareFilter@64a11b11, org.springframework.security.web.servletapi.SecurityContextHolderAwareRequestFilter@1f9fe33d, org.springframework.security.web.authentication.AnonymousAuthenticationFilter@24d3b005, org.springframework.security.web.session.SessionManagementFilter@5c25cf0d, org.springframework.security.web.access.ExceptionTranslationFilter@60b5b7f6, org.springframework.security.web.access.intercept.AuthorizationFilter@20b020b5]
2026-07-15 17:54:53.192 [restartedMain] INFO  o.a.coyote.http11.Http11NioProtocol - Starting ProtocolHandler ["http-nio-8080"]
2026-07-15 17:54:53.205 [restartedMain] INFO  o.s.b.w.e.tomcat.TomcatWebServer - Tomcat started on port 8080 (http) with context path '/api'
2026-07-15 17:54:53.226 [restartedMain] INFO  b.c.s.SolicitacaoApplication - Started SolicitacaoApplication in 8.143 seconds (process running for 9.105)
2026-07-15 17:54:53.232 [restartedMain] INFO  b.c.s.i.config.DataInitializer - === INICIALIZANDO DADOS ===
2026-07-15 17:54:53.378 [restartedMain] DEBUG org.hibernate.SQL - 
    select
        ue1_0.id,
        ue1_0.created_at,
        ue1_0.email,
        ue1_0.enabled,
        ue1_0.name,
        ue1_0.password_hash,
        ue1_0.role 
    from
        users ue1_0 
    where
        ue1_0.email=?
2026-07-15 17:54:53.555 [restartedMain] DEBUG org.hibernate.SQL - 
    insert 
    into
        users
        (created_at, email, enabled, name, password_hash, role, id) 
    values
        (?, ?, ?, ?, ?, ?, ?)
2026-07-15 17:54:53.565 [restartedMain] INFO  b.c.s.i.config.DataInitializer - ✅ Admin criado com sucesso!
2026-07-15 17:54:53.565 [restartedMain] INFO  b.c.s.i.config.DataInitializer -    Email: admin@email.com
2026-07-15 17:54:53.565 [restartedMain] INFO  b.c.s.i.config.DataInitializer -    Senha: admin123
2026-07-15 17:54:53.565 [restartedMain] INFO  b.c.s.i.config.DataInitializer -    Role: ADMIN
2026-07-15 17:54:53.565 [restartedMain] INFO  b.c.s.i.config.DataInitializer - === DADOS INICIALIZADOS COM SUCESSO ===
2026-07-15 17:54:53.876 [RMI TCP Connection(2)-172.27.48.1] INFO  o.a.c.c.C.[.[localhost].[/api] - Initializing Spring DispatcherServlet 'dispatcherServlet'
2026-07-15 17:54:53.877 [RMI TCP Connection(2)-172.27.48.1] INFO  o.s.web.servlet.DispatcherServlet - Initializing Servlet 'dispatcherServlet'
2026-07-15 17:54:53.881 [RMI TCP Connection(2)-172.27.48.1] INFO  o.s.web.servlet.DispatcherServlet - Completed initialization in 3 ms
2026-07-15 17:55:20.436 [http-nio-8080-exec-1] DEBUG o.s.security.web.FilterChainProxy - Securing OPTIONS /auth/login
2026-07-15 17:55:20.447 [http-nio-8080-exec-1] DEBUG o.s.s.w.a.AnonymousAuthenticationFilter - Set SecurityContextHolder to anonymous SecurityContext
2026-07-15 17:55:20.450 [http-nio-8080-exec-1] WARN  o.s.w.s.h.HandlerMappingIntrospector - Cache miss for REQUEST dispatch to '/api/auth/login' (previous null). Performing MatchableHandlerMapping lookup. This is logged once only at WARN level, and every time at TRACE.
2026-07-15 17:55:20.467 [http-nio-8080-exec-1] DEBUG o.s.security.web.FilterChainProxy - Secured OPTIONS /auth/login
2026-07-15 17:56:25.472 [File Watcher] INFO  o.s.b.d.a.LocalDevToolsAutoConfiguration$RestartingClassPathChangeChangedEventListener - Restarting due to 1 class path change (0 additions, 1 deletion, 0 modifications)
2026-07-15 17:56:25.476 [Thread-5] INFO  o.a.coyote.http11.Http11NioProtocol - Stopping ProtocolHandler ["http-nio-8080"]
2026-07-15 17:56:25.492 [Thread-5] INFO  o.s.o.j.LocalContainerEntityManagerFactoryBean - Closing JPA EntityManagerFactory for persistence unit 'default'
2026-07-15 17:56:25.492 [Thread-5] DEBUG org.hibernate.SQL - 
    drop table if exists analyst_coverage cascade 
2026-07-15 17:56:25.493 [Thread-5] DEBUG org.hibernate.SQL - 
    drop table if exists audit_logs cascade 
2026-07-15 17:56:25.495 [Thread-5] DEBUG org.hibernate.SQL - 
    drop table if exists solicitations cascade 
2026-07-15 17:56:25.495 [Thread-5] DEBUG org.hibernate.SQL - 
    drop table if exists users cascade 
2026-07-15 17:56:25.499 [Thread-5] WARN  o.s.b.f.s.DisposableBeanAdapter - Invocation of destroy method failed on bean with name 'inMemoryDatabaseShutdownExecutor': org.h2.jdbc.JdbcSQLNonTransientConnectionException: Database is already closed (to disable automatic closing at VM shutdown, add ";DB_CLOSE_ON_EXIT=FALSE" to the db URL) [90121-224]
2026-07-15 17:56:25.499 [Thread-5] INFO  com.zaxxer.hikari.HikariDataSource - HikariPool-1 - Shutdown initiated...
2026-07-15 17:56:25.501 [Thread-5] INFO  com.zaxxer.hikari.HikariDataSource - HikariPool-1 - Shutdown completed.
2026-07-15 17:56:25.704 [restartedMain] INFO  b.c.s.SolicitacaoApplication - Starting SolicitacaoApplication using Java 21.0.11 with PID 13280 (C:\Users\User\Desktop\solicitacao-api\solicitacao-api\target\classes started by User in C:\Users\User\Desktop\solicitacao-api\solicitacao-api)
2026-07-15 17:56:25.705 [restartedMain] DEBUG b.c.s.SolicitacaoApplication - Running with Spring Boot v3.2.0, Spring v6.1.1
2026-07-15 17:56:25.705 [restartedMain] INFO  b.c.s.SolicitacaoApplication - No active profile set, falling back to 1 default profile: "default"
2026-07-15 17:56:26.184 [restartedMain] INFO  o.s.d.r.c.RepositoryConfigurationDelegate - Multiple Spring Data modules found, entering strict repository configuration mode
2026-07-15 17:56:26.184 [restartedMain] INFO  o.s.d.r.c.RepositoryConfigurationDelegate - Bootstrapping Spring Data JPA repositories in DEFAULT mode.
2026-07-15 17:56:26.204 [restartedMain] INFO  o.s.d.r.c.RepositoryConfigurationDelegate - Finished Spring Data repository scanning in 20 ms. Found 4 JPA repository interfaces.
2026-07-15 17:56:26.604 [restartedMain] INFO  o.s.cloud.context.scope.GenericScope - BeanFactory id=209e1b0f-5f11-3869-9df6-ede791a3da4c
2026-07-15 17:56:26.830 [restartedMain] INFO  o.s.b.w.e.tomcat.TomcatWebServer - Tomcat initialized with port 8080 (http)
2026-07-15 17:56:26.830 [restartedMain] INFO  o.a.coyote.http11.Http11NioProtocol - Initializing ProtocolHandler ["http-nio-8080"]
2026-07-15 17:56:26.831 [restartedMain] INFO  o.a.catalina.core.StandardService - Starting service [Tomcat]
2026-07-15 17:56:26.831 [restartedMain] INFO  o.a.catalina.core.StandardEngine - Starting Servlet engine: [Apache Tomcat/10.1.16]
2026-07-15 17:56:26.881 [restartedMain] INFO  o.a.c.c.C.[.[localhost].[/api] - Initializing Spring embedded WebApplicationContext
2026-07-15 17:56:26.881 [restartedMain] INFO  o.s.b.w.s.c.ServletWebServerApplicationContext - Root WebApplicationContext: initialization completed in 1173 ms
2026-07-15 17:56:27.005 [restartedMain] INFO  com.zaxxer.hikari.HikariDataSource - HikariPool-2 - Starting...
2026-07-15 17:56:27.007 [restartedMain] INFO  com.zaxxer.hikari.pool.HikariPool - HikariPool-2 - Added connection conn10: url=jdbc:h2:mem:solicitacao_db user=SA
2026-07-15 17:56:27.007 [restartedMain] INFO  com.zaxxer.hikari.HikariDataSource - HikariPool-2 - Start completed.
2026-07-15 17:56:27.008 [restartedMain] INFO  o.s.b.a.h.H2ConsoleAutoConfiguration - H2 console available at '/h2-console'. Database available at 'jdbc:h2:mem:solicitacao_db'
2026-07-15 17:56:27.140 [restartedMain] INFO  o.h.jpa.internal.util.LogHelper - HHH000204: Processing PersistenceUnitInfo [name: default]
2026-07-15 17:56:27.144 [restartedMain] INFO  o.h.c.i.RegionFactoryInitiator - HHH000026: Second-level cache disabled
2026-07-15 17:56:27.151 [restartedMain] INFO  o.s.o.j.p.SpringPersistenceUnitInfo - No LoadTimeWeaver setup: ignoring JPA class transformer
2026-07-15 17:56:27.154 [restartedMain] WARN  org.hibernate.orm.deprecation - HHH90000025: H2Dialect does not need to be specified explicitly using 'hibernate.dialect' (remove the property setting and it will be selected by default)
2026-07-15 17:56:27.265 [restartedMain] INFO  o.h.e.t.j.p.i.JtaPlatformInitiator - HHH000489: No JTA platform available (set 'hibernate.transaction.jta.platform' to enable JTA platform integration)
2026-07-15 17:56:27.266 [restartedMain] DEBUG org.hibernate.SQL - 
    drop table if exists analyst_coverage cascade 
2026-07-15 17:56:27.266 [restartedMain] DEBUG org.hibernate.SQL - 
    drop table if exists audit_logs cascade 
2026-07-15 17:56:27.266 [restartedMain] DEBUG org.hibernate.SQL - 
    drop table if exists solicitations cascade 
2026-07-15 17:56:27.266 [restartedMain] DEBUG org.hibernate.SQL - 
    drop table if exists users cascade 
2026-07-15 17:56:27.267 [restartedMain] DEBUG org.hibernate.SQL - 
    create table analyst_coverage (
        state varchar(2) not null,
        id uuid not null,
        user_id uuid not null,
        primary key (id)
    )
2026-07-15 17:56:27.268 [restartedMain] DEBUG org.hibernate.SQL - 
    create table audit_logs (
        success boolean not null,
        created_at timestamp(6),
        duration_ms bigint,
        id uuid not null,
        user_id uuid not null,
        user_role varchar(20) not null,
        action varchar(100) not null,
        entity_id varchar(100),
        error_message TEXT,
        primary key (id)
    )
2026-07-15 17:56:27.269 [restartedMain] DEBUG org.hibernate.SQL - 
    create table solicitations (
        current_step integer not null,
        estimated_value numeric(15,2),
        preferred_date date,
        state varchar(2),
        terms_accepted boolean,
        analyzed_at timestamp(6),
        cep varchar(8),
        created_at timestamp(6),
        submitted_at timestamp(6),
        updated_at timestamp(6),
        priority varchar(10) check (priority in ('LOW','MEDIUM','HIGH')),
        analyzed_by uuid,
        client_id uuid not null,
        id uuid not null,
        number varchar(20),
        service_type varchar(20) check (service_type in ('INSTALLATION','MAINTENANCE','INSPECTION')),
        status varchar(20) not null check (status in ('DRAFT','SUBMITTED','IN_REVIEW','APPROVED','REJECTED')),
        title varchar(80),
        city varchar(100),
        complement varchar(100),
        neighborhood varchar(100),
        analysis_comment varchar(1000),
        description varchar(1000),
        street varchar(255),
        primary key (id)
    )
2026-07-15 17:56:27.271 [restartedMain] DEBUG org.hibernate.SQL - 
    create table users (
        enabled boolean not null,
        created_at timestamp(6),
        id uuid not null,
        role varchar(20) not null check (role in ('CLIENT','ANALYST','ADMIN')),
        email varchar(100) not null unique,
        name varchar(100) not null,
        password_hash varchar(255) not null,
        primary key (id)
    )
2026-07-15 17:56:27.274 [restartedMain] INFO  o.s.o.j.LocalContainerEntityManagerFactoryBean - Initialized JPA EntityManagerFactory for persistence unit 'default'
2026-07-15 17:56:27.461 [restartedMain] DEBUG b.c.s.i.c.JwtAuthenticationFilter - Filter 'jwtAuthenticationFilter' configured for use
2026-07-15 17:56:27.575 [restartedMain] WARN  o.s.b.w.s.c.AnnotationConfigServletWebServerApplicationContext - Exception encountered during context initialization - cancelling refresh attempt: org.springframework.beans.factory.UnsatisfiedDependencyException: Error creating bean with name 'adminController' defined in file [C:\Users\User\Desktop\solicitacao-api\solicitacao-api\target\classes\br\com\solicitacao\api\controller\AdminController.class]: Unsatisfied dependency expressed through constructor parameter 1: Error creating bean with name 'authService' defined in file [C:\Users\User\Desktop\solicitacao-api\solicitacao-api\target\classes\br\com\solicitacao\core\service\AuthService.class]: Unsatisfied dependency expressed through constructor parameter 1: No qualifying bean of type 'org.springframework.security.crypto.password.PasswordEncoder' available: expected at least 1 bean which qualifies as autowire candidate. Dependency annotations: {}
2026-07-15 17:56:27.576 [restartedMain] INFO  o.s.o.j.LocalContainerEntityManagerFactoryBean - Closing JPA EntityManagerFactory for persistence unit 'default'
2026-07-15 17:56:27.576 [restartedMain] DEBUG org.hibernate.SQL - 
    drop table if exists analyst_coverage cascade 
2026-07-15 17:56:27.576 [restartedMain] DEBUG org.hibernate.SQL - 
    drop table if exists audit_logs cascade 
2026-07-15 17:56:27.577 [restartedMain] DEBUG org.hibernate.SQL - 
    drop table if exists solicitations cascade 
2026-07-15 17:56:27.577 [restartedMain] DEBUG org.hibernate.SQL - 
    drop table if exists users cascade 
2026-07-15 17:56:27.578 [restartedMain] WARN  o.s.b.f.s.DisposableBeanAdapter - Invocation of destroy method failed on bean with name 'inMemoryDatabaseShutdownExecutor': org.h2.jdbc.JdbcSQLNonTransientConnectionException: Database is already closed (to disable automatic closing at VM shutdown, add ";DB_CLOSE_ON_EXIT=FALSE" to the db URL) [90121-224]
2026-07-15 17:56:27.578 [restartedMain] INFO  com.zaxxer.hikari.HikariDataSource - HikariPool-2 - Shutdown initiated...
2026-07-15 17:56:27.579 [restartedMain] INFO  com.zaxxer.hikari.HikariDataSource - HikariPool-2 - Shutdown completed.
2026-07-15 17:56:27.580 [restartedMain] INFO  o.a.catalina.core.StandardService - Stopping service [Tomcat]
2026-07-15 17:56:27.590 [restartedMain] INFO  o.s.b.a.l.ConditionEvaluationReportLogger - 

Error starting ApplicationContext. To display the condition evaluation report re-run your application with 'debug' enabled.
2026-07-15 17:56:27.635 [restartedMain] ERROR o.s.b.d.LoggingFailureAnalysisReporter - 

***************************
APPLICATION FAILED TO START
***************************

Description:

Parameter 1 of constructor in br.com.solicitacao.core.service.AuthService required a bean of type 'org.springframework.security.crypto.password.PasswordEncoder' that could not be found.


Action:

Consider defining a bean of type 'org.springframework.security.crypto.password.PasswordEncoder' in your configuration.

2026-07-15 17:56:29.181 [restartedMain] INFO  b.c.s.SolicitacaoApplication - Starting SolicitacaoApplication using Java 21.0.11 with PID 13280 (C:\Users\User\Desktop\solicitacao-api\solicitacao-api\target\classes started by User in C:\Users\User\Desktop\solicitacao-api\solicitacao-api)
2026-07-15 17:56:29.181 [restartedMain] DEBUG b.c.s.SolicitacaoApplication - Running with Spring Boot v3.2.0, Spring v6.1.1
2026-07-15 17:56:29.181 [restartedMain] INFO  b.c.s.SolicitacaoApplication - No active profile set, falling back to 1 default profile: "default"
2026-07-15 17:56:29.559 [restartedMain] INFO  o.s.d.r.c.RepositoryConfigurationDelegate - Multiple Spring Data modules found, entering strict repository configuration mode
2026-07-15 17:56:29.559 [restartedMain] INFO  o.s.d.r.c.RepositoryConfigurationDelegate - Bootstrapping Spring Data JPA repositories in DEFAULT mode.
2026-07-15 17:56:29.574 [restartedMain] INFO  o.s.d.r.c.RepositoryConfigurationDelegate - Finished Spring Data repository scanning in 15 ms. Found 4 JPA repository interfaces.
2026-07-15 17:56:29.815 [restartedMain] INFO  o.s.cloud.context.scope.GenericScope - BeanFactory id=49250593-4f04-3a4d-86e6-e042a14d36a2
2026-07-15 17:56:29.992 [restartedMain] INFO  o.s.b.w.e.tomcat.TomcatWebServer - Tomcat initialized with port 8080 (http)
2026-07-15 17:56:29.994 [restartedMain] INFO  o.a.coyote.http11.Http11NioProtocol - Initializing ProtocolHandler ["http-nio-8080"]
2026-07-15 17:56:29.994 [restartedMain] INFO  o.a.catalina.core.StandardService - Starting service [Tomcat]
2026-07-15 17:56:29.994 [restartedMain] INFO  o.a.catalina.core.StandardEngine - Starting Servlet engine: [Apache Tomcat/10.1.16]
2026-07-15 17:56:30.034 [restartedMain] INFO  o.a.c.c.C.[.[localhost].[/api] - Initializing Spring embedded WebApplicationContext
2026-07-15 17:56:30.035 [restartedMain] INFO  o.s.b.w.s.c.ServletWebServerApplicationContext - Root WebApplicationContext: initialization completed in 851 ms
2026-07-15 17:56:30.133 [restartedMain] INFO  com.zaxxer.hikari.HikariDataSource - HikariPool-3 - Starting...
2026-07-15 17:56:30.134 [restartedMain] INFO  com.zaxxer.hikari.pool.HikariPool - HikariPool-3 - Added connection conn20: url=jdbc:h2:mem:solicitacao_db user=SA
2026-07-15 17:56:30.134 [restartedMain] INFO  com.zaxxer.hikari.HikariDataSource - HikariPool-3 - Start completed.
2026-07-15 17:56:30.134 [restartedMain] INFO  o.s.b.a.h.H2ConsoleAutoConfiguration - H2 console available at '/h2-console'. Database available at 'jdbc:h2:mem:solicitacao_db'
2026-07-15 17:56:30.240 [restartedMain] INFO  o.h.jpa.internal.util.LogHelper - HHH000204: Processing PersistenceUnitInfo [name: default]
2026-07-15 17:56:30.244 [restartedMain] INFO  o.h.c.i.RegionFactoryInitiator - HHH000026: Second-level cache disabled
2026-07-15 17:56:30.248 [restartedMain] INFO  o.s.o.j.p.SpringPersistenceUnitInfo - No LoadTimeWeaver setup: ignoring JPA class transformer
2026-07-15 17:56:30.249 [restartedMain] WARN  org.hibernate.orm.deprecation - HHH90000025: H2Dialect does not need to be specified explicitly using 'hibernate.dialect' (remove the property setting and it will be selected by default)
2026-07-15 17:56:30.322 [restartedMain] INFO  o.h.e.t.j.p.i.JtaPlatformInitiator - HHH000489: No JTA platform available (set 'hibernate.transaction.jta.platform' to enable JTA platform integration)
2026-07-15 17:56:30.323 [restartedMain] DEBUG org.hibernate.SQL - 
    drop table if exists analyst_coverage cascade 
2026-07-15 17:56:30.323 [restartedMain] DEBUG org.hibernate.SQL - 
    drop table if exists audit_logs cascade 
2026-07-15 17:56:30.323 [restartedMain] DEBUG org.hibernate.SQL - 
    drop table if exists solicitations cascade 
2026-07-15 17:56:30.323 [restartedMain] DEBUG org.hibernate.SQL - 
    drop table if exists users cascade 
2026-07-15 17:56:30.323 [restartedMain] DEBUG org.hibernate.SQL - 
    create table analyst_coverage (
        state varchar(2) not null,
        id uuid not null,
        user_id uuid not null,
        primary key (id)
    )
2026-07-15 17:56:30.324 [restartedMain] DEBUG org.hibernate.SQL - 
    create table audit_logs (
        success boolean not null,
        created_at timestamp(6),
        duration_ms bigint,
        id uuid not null,
        user_id uuid not null,
        user_role varchar(20) not null,
        action varchar(100) not null,
        entity_id varchar(100),
        error_message TEXT,
        primary key (id)
    )
2026-07-15 17:56:30.325 [restartedMain] DEBUG org.hibernate.SQL - 
    create table solicitations (
        current_step integer not null,
        estimated_value numeric(15,2),
        preferred_date date,
        state varchar(2),
        terms_accepted boolean,
        analyzed_at timestamp(6),
        cep varchar(8),
        created_at timestamp(6),
        submitted_at timestamp(6),
        updated_at timestamp(6),
        priority varchar(10) check (priority in ('LOW','MEDIUM','HIGH')),
        analyzed_by uuid,
        client_id uuid not null,
        id uuid not null,
        number varchar(20),
        service_type varchar(20) check (service_type in ('INSTALLATION','MAINTENANCE','INSPECTION')),
        status varchar(20) not null check (status in ('DRAFT','SUBMITTED','IN_REVIEW','APPROVED','REJECTED')),
        title varchar(80),
        city varchar(100),
        complement varchar(100),
        neighborhood varchar(100),
        analysis_comment varchar(1000),
        description varchar(1000),
        street varchar(255),
        primary key (id)
    )
2026-07-15 17:56:30.326 [restartedMain] DEBUG org.hibernate.SQL - 
    create table users (
        enabled boolean not null,
        created_at timestamp(6),
        id uuid not null,
        role varchar(20) not null check (role in ('CLIENT','ANALYST','ADMIN')),
        email varchar(100) not null unique,
        name varchar(100) not null,
        password_hash varchar(255) not null,
        primary key (id)
    )
2026-07-15 17:56:30.327 [restartedMain] INFO  o.s.o.j.LocalContainerEntityManagerFactoryBean - Initialized JPA EntityManagerFactory for persistence unit 'default'
2026-07-15 17:56:30.461 [restartedMain] DEBUG b.c.s.i.c.JwtAuthenticationFilter - Filter 'jwtAuthenticationFilter' configured for use
2026-07-15 17:56:30.938 [restartedMain] INFO  o.s.b.a.e.web.EndpointLinksResolver - Exposing 15 endpoint(s) beneath base path '/actuator'
2026-07-15 17:56:30.979 [restartedMain] WARN  o.s.b.a.o.j.JpaBaseConfiguration$JpaWebConfiguration - spring.jpa.open-in-view is enabled by default. Therefore, database queries may be performed during view rendering. Explicitly configure spring.jpa.open-in-view to disable this warning
2026-07-15 17:56:31.041 [restartedMain] INFO  o.s.b.d.a.OptionalLiveReloadServer - LiveReload server is running on port 35729
2026-07-15 17:56:31.332 [restartedMain] INFO  o.s.s.web.DefaultSecurityFilterChain - Will secure any request with [org.springframework.security.web.session.DisableEncodeUrlFilter@63236597, org.springframework.security.web.context.request.async.WebAsyncManagerIntegrationFilter@4734b49e, org.springframework.security.web.context.SecurityContextHolderFilter@2d29af1, org.springframework.security.web.header.HeaderWriterFilter@1aa849aa, org.springframework.web.filter.CorsFilter@73c342c2, org.springframework.security.web.authentication.logout.LogoutFilter@191864e1, br.com.solicitacao.infrastructure.config.JwtAuthenticationFilter@650204db, org.springframework.security.web.savedrequest.RequestCacheAwareFilter@533c3516, org.springframework.security.web.servletapi.SecurityContextHolderAwareRequestFilter@2010a354, org.springframework.security.web.authentication.AnonymousAuthenticationFilter@64b2dc96, org.springframework.security.web.session.SessionManagementFilter@6aaae0c, org.springframework.security.web.access.ExceptionTranslationFilter@1c6d6265, org.springframework.security.web.access.intercept.AuthorizationFilter@1a7c17bf]
2026-07-15 17:56:32.067 [restartedMain] INFO  o.a.coyote.http11.Http11NioProtocol - Starting ProtocolHandler ["http-nio-8080"]
2026-07-15 17:56:32.070 [restartedMain] INFO  o.s.b.w.e.tomcat.TomcatWebServer - Tomcat started on port 8080 (http) with context path '/api'
2026-07-15 17:56:32.087 [restartedMain] INFO  b.c.s.SolicitacaoApplication - Started SolicitacaoApplication in 2.954 seconds (process running for 107.966)
2026-07-15 17:56:32.089 [restartedMain] INFO  b.c.s.i.config.DataInitializer - === INICIALIZANDO DADOS ===
2026-07-15 17:56:32.120 [restartedMain] DEBUG org.hibernate.SQL - 
    select
        ue1_0.id,
        ue1_0.created_at,
        ue1_0.email,
        ue1_0.enabled,
        ue1_0.name,
        ue1_0.password_hash,
        ue1_0.role 
    from
        users ue1_0 
    where
        ue1_0.email=?
2026-07-15 17:56:32.201 [restartedMain] DEBUG org.hibernate.SQL - 
    insert 
    into
        users
        (created_at, email, enabled, name, password_hash, role, id) 
    values
        (?, ?, ?, ?, ?, ?, ?)
2026-07-15 17:56:32.202 [restartedMain] INFO  b.c.s.i.config.DataInitializer - ✅ Admin criado com sucesso!
2026-07-15 17:56:32.202 [restartedMain] INFO  b.c.s.i.config.DataInitializer -    Email: admin@email.com
2026-07-15 17:56:32.202 [restartedMain] INFO  b.c.s.i.config.DataInitializer -    Senha: admin123
2026-07-15 17:56:32.202 [restartedMain] INFO  b.c.s.i.config.DataInitializer -    Role: ADMIN
2026-07-15 17:56:32.202 [restartedMain] INFO  b.c.s.i.config.DataInitializer - === DADOS INICIALIZADOS COM SUCESSO ===
2026-07-15 17:56:32.205 [restartedMain] INFO  o.s.b.d.a.ConditionEvaluationDeltaLoggingListener - Condition evaluation unchanged
2026-07-15 17:56:49.148 [SpringApplicationShutdownHook] INFO  o.s.o.j.LocalContainerEntityManagerFactoryBean - Closing JPA EntityManagerFactory for persistence unit 'default'
2026-07-15 17:56:49.148 [SpringApplicationShutdownHook] DEBUG org.hibernate.SQL - 
    drop table if exists analyst_coverage cascade 
2026-07-15 17:56:49.148 [SpringApplicationShutdownHook] DEBUG org.hibernate.SQL - 
    drop table if exists audit_logs cascade 
2026-07-15 17:56:49.149 [SpringApplicationShutdownHook] DEBUG org.hibernate.SQL - 
    drop table if exists solicitations cascade 
2026-07-15 17:56:49.149 [SpringApplicationShutdownHook] DEBUG org.hibernate.SQL - 
    drop table if exists users cascade 
2026-07-15 17:56:49.150 [SpringApplicationShutdownHook] WARN  o.s.b.f.s.DisposableBeanAdapter - Invocation of destroy method failed on bean with name 'inMemoryDatabaseShutdownExecutor': org.h2.jdbc.JdbcSQLNonTransientConnectionException: Database is already closed (to disable automatic closing at VM shutdown, add ";DB_CLOSE_ON_EXIT=FALSE" to the db URL) [90121-224]
2026-07-15 17:56:49.150 [SpringApplicationShutdownHook] INFO  com.zaxxer.hikari.HikariDataSource - HikariPool-3 - Shutdown initiated...
2026-07-15 17:56:49.151 [SpringApplicationShutdownHook] INFO  com.zaxxer.hikari.HikariDataSource - HikariPool-3 - Shutdown completed.
